<?xml version="1.0" encoding="UTF-8"?>
<testsuite name="com.deloitte.bedqd.DashboardUtility.AppTest" time="0.003" tests="1" errors="0" skipped="0" failures="0">
  <properties>
    <property name="java.runtime.name" value="Java(TM) SE Runtime Environment"/>
    <property name="sun.boot.library.path" value="C:\Users\kpusa\Documents\desktop\jdk1.8.0_131\jre\bin"/>
    <property name="java.vm.version" value="25.131-b11"/>
    <property name="java.vm.vendor" value="Oracle Corporation"/>
    <property name="maven.multiModuleProjectDirectory" value="C:\Users\kpusa\Desktop\FIS\Drools\DashboardUtility\DashboardUtility"/>
    <property name="java.vendor.url" value="http://java.oracle.com/"/>
    <property name="path.separator" value=";"/>
    <property name="guice.disable.misplaced.annotation.check" value="true"/>
    <property name="java.vm.name" value="Java HotSpot(TM) 64-Bit Server VM"/>
    <property name="file.encoding.pkg" value="sun.io"/>
    <property name="user.script" value=""/>
    <property name="user.country" value="US"/>
    <property name="sun.java.launcher" value="SUN_STANDARD"/>
    <property name="sun.os.patch.level" value=""/>
    <property name="java.vm.specification.name" value="Java Virtual Machine Specification"/>
    <property name="user.dir" value="C:\Users\kpusa\Desktop\FIS\Drools\DashboardUtility\DashboardUtility"/>
    <property name="java.runtime.version" value="1.8.0_131-b11"/>
    <property name="java.awt.graphicsenv" value="sun.awt.Win32GraphicsEnvironment"/>
    <property name="java.endorsed.dirs" value="C:\Users\kpusa\Documents\desktop\jdk1.8.0_131\jre\lib\endorsed"/>
    <property name="os.arch" value="amd64"/>
    <property name="java.io.tmpdir" value="C:\Users\kpusa\AppData\Local\Temp\"/>
    <property name="line.separator" value="&#10;"/>
    <property name="java.vm.specification.vendor" value="Oracle Corporation"/>
    <property name="user.variant" value=""/>
    <property name="os.name" value="Windows 10"/>
    <property name="classworlds.conf" value="C:\Users\kpusa\Desktop\FIS\Drools\droolsWS\.metadata\.plugins\org.eclipse.m2e.launching\launches\m2conf9183509537633674369.tmp"/>
    <property name="sun.jnu.encoding" value="Cp1252"/>
    <property name="java.library.path" value="C:\Users\kpusa\Documents\desktop\jdk1.8.0_131\bin;C:\WINDOWS\Sun\Java\bin;C:\WINDOWS\system32;C:\WINDOWS;C:/Program Files (x86)/Java/jre1.8.0_161/bin/client;C:/Program Files (x86)/Java/jre1.8.0_161/bin;C:/Program Files (x86)/Java/jre1.8.0_161/lib/i386;C:\WINDOWS\system32;C:\WINDOWS;C:\WINDOWS\System32\Wbem;C:\ProgramData\Oracle\Java\javapath;C:\WINDOWS;C:\WINDOWS\System32\Wbem;C:\Program Files (x86)\Intel\iCLS Client\;C:\Program Files\Intel\iCLS Client\;C:\WINDOWS\system32;C:\WINDOWS;C:\WINDOWS\System32\Wbem;C:\WINDOWS\System32\WindowsPowerShell\v1.0\;C:\Program Files (x86)\Intel\Intel(R) Management Engine Components\DAL;C:\Program Files\Intel\Intel(R) Management Engine Components\DAL;C:\Program Files (x86)\Intel\Intel(R) Management Engine Components\IPT;C:\Program Files\Intel\Intel(R) Management Engine Components\IPT;C:\Users\kpusa\AppData\Local\Microsoft\WindowsApps;C:\Program Files\Java;C:\Program Files (x86)\Skype\Phone\;%CASSANDRA_HOME%\bin;C:\Users\kpusa\AppData\Local\programs\Python\Python36;C:\Program Files\TortoiseSVN\bin;C:\Users\kpusa\AppData\Local\programs\Python\Python36\Scripts;C:\Users\kpusa\Desktop\FIS\Drools\apache-tomcat-7.0.86-windows-x64\apache-tomcat-7.0.86\bin;C:\Program Files\dotnet\;C:\Program Files\nodejs\;C:\Users\kpusa\AppData\Local\Microsoft\WindowsApps;C:\Users\kpusa\AppData\Roaming\npm;C:\Users\kpusa\Desktop;;."/>
    <property name="java.specification.name" value="Java Platform API Specification"/>
    <property name="java.class.version" value="52.0"/>
    <property name="sun.management.compiler" value="HotSpot 64-Bit Tiered Compilers"/>
    <property name="os.version" value="10.0"/>
    <property name="user.home" value="C:\Users\kpusa"/>
    <property name="user.timezone" value="Asia/Calcutta"/>
    <property name="java.awt.printerjob" value="sun.awt.windows.WPrinterJob"/>
    <property name="java.specification.version" value="1.8"/>
    <property name="file.encoding" value="Cp1252"/>
    <property name="user.name" value="kpusa"/>
    <property name="java.class.path" value="C:\Users\kpusa\.p2\pool\plugins\org.eclipse.m2e.maven.runtime_1.9.0.20180606-2035\jars\plexus-classworlds-2.5.2.jar"/>
    <property name="java.vm.specification.version" value="1.8"/>
    <property name="sun.arch.data.model" value="64"/>
    <property name="java.home" value="C:\Users\kpusa\Documents\desktop\jdk1.8.0_131\jre"/>
    <property name="sun.java.command" value="org.codehaus.plexus.classworlds.launcher.Launcher -B clean install"/>
    <property name="java.specification.vendor" value="Oracle Corporation"/>
    <property name="user.language" value="en"/>
    <property name="awt.toolkit" value="sun.awt.windows.WToolkit"/>
    <property name="java.vm.info" value="mixed mode"/>
    <property name="java.version" value="1.8.0_131"/>
    <property name="java.ext.dirs" value="C:\Users\kpusa\Documents\desktop\jdk1.8.0_131\jre\lib\ext;C:\WINDOWS\Sun\Java\lib\ext"/>
    <property name="sun.boot.class.path" value="C:\Users\kpusa\Documents\desktop\jdk1.8.0_131\jre\lib\resources.jar;C:\Users\kpusa\Documents\desktop\jdk1.8.0_131\jre\lib\rt.jar;C:\Users\kpusa\Documents\desktop\jdk1.8.0_131\jre\lib\sunrsasign.jar;C:\Users\kpusa\Documents\desktop\jdk1.8.0_131\jre\lib\jsse.jar;C:\Users\kpusa\Documents\desktop\jdk1.8.0_131\jre\lib\jce.jar;C:\Users\kpusa\Documents\desktop\jdk1.8.0_131\jre\lib\charsets.jar;C:\Users\kpusa\Documents\desktop\jdk1.8.0_131\jre\lib\jfr.jar;C:\Users\kpusa\Documents\desktop\jdk1.8.0_131\jre\classes"/>
    <property name="java.vendor" value="Oracle Corporation"/>
    <property name="maven.home" value="C:\Users\kpusa\Desktop\FIS\Drools\DashboardUtility\DashboardUtility\EMBEDDED"/>
    <property name="file.separator" value="\"/>
    <property name="java.vendor.url.bug" value="http://bugreport.sun.com/bugreport/"/>
    <property name="sun.cpu.endian" value="little"/>
    <property name="sun.io.unicode.encoding" value="UnicodeLittle"/>
    <property name="sun.desktop" value="windows"/>
    <property name="sun.cpu.isalist" value="amd64"/>
  </properties>
  <testcase name="testApp" classname="com.deloitte.bedqd.DashboardUtility.AppTest" time="0.003"/>
</testsuite>